<?xml version="1.0" encoding="UTF-8"?>
<!-- Generated by org.testng.reporters.JUnitXMLReporter -->
<testsuite ignored="4" hostname="LTIN200748" failures="0" tests="24" name="Test" time="109.248" errors="0" timestamp="2024-03-15T16:03:39 IST">
  <testcase classname="testCases.TC_001_WebDevelopmentTest" name="enterCourseName" time="8.534"/>
  <testcase classname="testCases.TC_001_WebDevelopmentTest" name="clickLanguage" time="1.608"/>
  <testcase classname="testCases.TC_001_WebDevelopmentTest" name="clickLevel" time="0.722"/>
  <testcase classname="testCases.TC_001_WebDevelopmentTest" name="printCourse1" time="1.834"/>
  <testcase classname="testCases.TC_001_WebDevelopmentTest" name="printDetails1" time="7.241"/>
  <testcase classname="testCases.TC_001_WebDevelopmentTest" name="printCourse2" time="0.406"/>
  <testcase classname="testCases.TC_001_WebDevelopmentTest" name="printDetails2" time="8.268"/>
  <testcase classname="testCases.TC_002_LanguageLearningTest" name="enterNewCourse" time="2.943"/>
  <testcase classname="testCases.TC_002_LanguageLearningTest" name="clickShowMore" time="0.583"/>
  <testcase classname="testCases.TC_002_LanguageLearningTest" name="printTotalLangs" time="5.767"/>
  <testcase classname="testCases.TC_002_LanguageLearningTest" name="printTotalLevels" time="1.884"/>
  <testcase classname="testCases.TC_003_ForEnterpriseTest" name="clickCourseTitle" time="8.393"/>
  <testcase classname="testCases.TC_003_ForEnterpriseTest" name="clickEnterpriseLink" time="10.907"/>
  <testcase classname="testCases.TC_003_ForEnterpriseTest" name="clickWeOfferLink" time="6.394"/>
  <testcase classname="testCases.TC_003_ForEnterpriseTest" name="clickLearnMoreButton" time="5.756"/>
  <testcase classname="testCases.TC_003_ForEnterpriseTest" name="setFirstLastName" time="1.302"/>
  <testcase classname="testCases.TC_003_ForEnterpriseTest" name="setEmailId" time="0.605"/>
  <testcase classname="testCases.TC_003_ForEnterpriseTest" name="setMobileNo" time="0.245"/>
  <testcase classname="testCases.TC_003_ForEnterpriseTest" name="setInstituteDetails" time="0.577"/>
  <testcase classname="testCases.TC_003_ForEnterpriseTest" name="SetJobRole" time="0.246"/>
  <testcase classname="testCases.TC_003_ForEnterpriseTest" name="setDepartmentDetails" time="1.106"/>
  <testcase classname="testCases.TC_003_ForEnterpriseTest" name="setCountryState" time="0.564"/>
  <testcase classname="testCases.TC_003_ForEnterpriseTest" name="clickSubmitButton" time="0.117"/>
  <testcase classname="testCases.TC_003_ForEnterpriseTest" name="verifyEmailId" time="2.51"/>
  <testcase classname="testBase.BaseClass" name="@AfterTest teardown" time="0.0">
    <ignored/>
  </testcase> <!-- @AfterTest teardown -->
  <testcase classname="testBase.BaseClass" name="@AfterTest teardown" time="0.0">
    <ignored/>
  </testcase> <!-- @AfterTest teardown -->
  <testcase classname="testBase.BaseClass" name="@BeforeTest setup" time="0.0">
    <ignored/>
  </testcase> <!-- @BeforeTest setup -->
  <testcase classname="testBase.BaseClass" name="@BeforeTest setup" time="0.0">
    <ignored/>
  </testcase> <!-- @BeforeTest setup -->
</testsuite> <!-- Test -->
