<?xml version="1.0" encoding="UTF-8"?>
<testng-results ignored="4" total="28" passed="24" failed="0" skipped="0">
  <reporter-output>
  </reporter-output>
  <suite started-at="2024-03-15T16:01:50 IST" name="Suite" finished-at="2024-03-15T16:03:39 IST" duration-ms="109248">
    <groups>
      <group name="regression">
        <method signature="TC_001_WebDevelopmentTest.clickLanguage()[pri:1, instance:testCases.TC_001_WebDevelopmentTest@272113c4]" name="clickLanguage" class="testCases.TC_001_WebDevelopmentTest"/>
        <method signature="TC_001_WebDevelopmentTest.clickLevel()[pri:2, instance:testCases.TC_001_WebDevelopmentTest@272113c4]" name="clickLevel" class="testCases.TC_001_WebDevelopmentTest"/>
        <method signature="TC_001_WebDevelopmentTest.printCourse1()[pri:3, instance:testCases.TC_001_WebDevelopmentTest@272113c4]" name="printCourse1" class="testCases.TC_001_WebDevelopmentTest"/>
        <method signature="TC_001_WebDevelopmentTest.printCourse2()[pri:5, instance:testCases.TC_001_WebDevelopmentTest@272113c4]" name="printCourse2" class="testCases.TC_001_WebDevelopmentTest"/>
        <method signature="TC_001_WebDevelopmentTest.printDetails1()[pri:4, instance:testCases.TC_001_WebDevelopmentTest@272113c4]" name="printDetails1" class="testCases.TC_001_WebDevelopmentTest"/>
        <method signature="TC_001_WebDevelopmentTest.printDetails2()[pri:6, instance:testCases.TC_001_WebDevelopmentTest@272113c4]" name="printDetails2" class="testCases.TC_001_WebDevelopmentTest"/>
        <method signature="TC_002_LanguageLearningTest.clickShowMore()[pri:1, instance:testCases.TC_002_LanguageLearningTest@4f80542f]" name="clickShowMore" class="testCases.TC_002_LanguageLearningTest"/>
        <method signature="TC_002_LanguageLearningTest.enterNewCourse()[pri:0, instance:testCases.TC_002_LanguageLearningTest@4f80542f]" name="enterNewCourse" class="testCases.TC_002_LanguageLearningTest"/>
        <method signature="TC_002_LanguageLearningTest.printTotalLangs()[pri:2, instance:testCases.TC_002_LanguageLearningTest@4f80542f]" name="printTotalLangs" class="testCases.TC_002_LanguageLearningTest"/>
        <method signature="TC_002_LanguageLearningTest.printTotalLevels()[pri:3, instance:testCases.TC_002_LanguageLearningTest@4f80542f]" name="printTotalLevels" class="testCases.TC_002_LanguageLearningTest"/>
        <method signature="TC_003_ForEnterpriseTest.SetJobRole()[pri:8, instance:testCases.TC_003_ForEnterpriseTest@60bd273d]" name="SetJobRole" class="testCases.TC_003_ForEnterpriseTest"/>
        <method signature="TC_003_ForEnterpriseTest.clickCourseTitle()[pri:0, instance:testCases.TC_003_ForEnterpriseTest@60bd273d]" name="clickCourseTitle" class="testCases.TC_003_ForEnterpriseTest"/>
        <method signature="TC_003_ForEnterpriseTest.clickEnterpriseLink()[pri:1, instance:testCases.TC_003_ForEnterpriseTest@60bd273d]" name="clickEnterpriseLink" class="testCases.TC_003_ForEnterpriseTest"/>
        <method signature="TC_003_ForEnterpriseTest.setCountryState()[pri:10, instance:testCases.TC_003_ForEnterpriseTest@60bd273d]" name="setCountryState" class="testCases.TC_003_ForEnterpriseTest"/>
        <method signature="TC_003_ForEnterpriseTest.setDepartmentDetails()[pri:9, instance:testCases.TC_003_ForEnterpriseTest@60bd273d]" name="setDepartmentDetails" class="testCases.TC_003_ForEnterpriseTest"/>
        <method signature="TC_003_ForEnterpriseTest.setEmailId()[pri:5, instance:testCases.TC_003_ForEnterpriseTest@60bd273d]" name="setEmailId" class="testCases.TC_003_ForEnterpriseTest"/>
        <method signature="TC_003_ForEnterpriseTest.setFirstLastName()[pri:4, instance:testCases.TC_003_ForEnterpriseTest@60bd273d]" name="setFirstLastName" class="testCases.TC_003_ForEnterpriseTest"/>
        <method signature="TC_003_ForEnterpriseTest.setInstituteDetails()[pri:7, instance:testCases.TC_003_ForEnterpriseTest@60bd273d]" name="setInstituteDetails" class="testCases.TC_003_ForEnterpriseTest"/>
        <method signature="TC_003_ForEnterpriseTest.setMobileNo()[pri:6, instance:testCases.TC_003_ForEnterpriseTest@60bd273d]" name="setMobileNo" class="testCases.TC_003_ForEnterpriseTest"/>
        <method signature="TC_003_ForEnterpriseTest.verifyEmailId()[pri:12, instance:testCases.TC_003_ForEnterpriseTest@60bd273d]" name="verifyEmailId" class="testCases.TC_003_ForEnterpriseTest"/>
      </group> <!-- regression -->
      <group name="sanity">
        <method signature="TC_001_WebDevelopmentTest.clickLanguage()[pri:1, instance:testCases.TC_001_WebDevelopmentTest@272113c4]" name="clickLanguage" class="testCases.TC_001_WebDevelopmentTest"/>
        <method signature="TC_001_WebDevelopmentTest.clickLevel()[pri:2, instance:testCases.TC_001_WebDevelopmentTest@272113c4]" name="clickLevel" class="testCases.TC_001_WebDevelopmentTest"/>
        <method signature="TC_001_WebDevelopmentTest.enterCourseName()[pri:0, instance:testCases.TC_001_WebDevelopmentTest@272113c4]" name="enterCourseName" class="testCases.TC_001_WebDevelopmentTest"/>
        <method signature="TC_001_WebDevelopmentTest.printCourse1()[pri:3, instance:testCases.TC_001_WebDevelopmentTest@272113c4]" name="printCourse1" class="testCases.TC_001_WebDevelopmentTest"/>
        <method signature="TC_001_WebDevelopmentTest.printCourse2()[pri:5, instance:testCases.TC_001_WebDevelopmentTest@272113c4]" name="printCourse2" class="testCases.TC_001_WebDevelopmentTest"/>
        <method signature="TC_002_LanguageLearningTest.clickShowMore()[pri:1, instance:testCases.TC_002_LanguageLearningTest@4f80542f]" name="clickShowMore" class="testCases.TC_002_LanguageLearningTest"/>
        <method signature="TC_002_LanguageLearningTest.printTotalLangs()[pri:2, instance:testCases.TC_002_LanguageLearningTest@4f80542f]" name="printTotalLangs" class="testCases.TC_002_LanguageLearningTest"/>
        <method signature="TC_003_ForEnterpriseTest.SetJobRole()[pri:8, instance:testCases.TC_003_ForEnterpriseTest@60bd273d]" name="SetJobRole" class="testCases.TC_003_ForEnterpriseTest"/>
        <method signature="TC_003_ForEnterpriseTest.clickCourseTitle()[pri:0, instance:testCases.TC_003_ForEnterpriseTest@60bd273d]" name="clickCourseTitle" class="testCases.TC_003_ForEnterpriseTest"/>
        <method signature="TC_003_ForEnterpriseTest.clickEnterpriseLink()[pri:1, instance:testCases.TC_003_ForEnterpriseTest@60bd273d]" name="clickEnterpriseLink" class="testCases.TC_003_ForEnterpriseTest"/>
        <method signature="TC_003_ForEnterpriseTest.clickLearnMoreButton()[pri:3, instance:testCases.TC_003_ForEnterpriseTest@60bd273d]" name="clickLearnMoreButton" class="testCases.TC_003_ForEnterpriseTest"/>
        <method signature="TC_003_ForEnterpriseTest.clickSubmitButton()[pri:11, instance:testCases.TC_003_ForEnterpriseTest@60bd273d]" name="clickSubmitButton" class="testCases.TC_003_ForEnterpriseTest"/>
        <method signature="TC_003_ForEnterpriseTest.clickWeOfferLink()[pri:2, instance:testCases.TC_003_ForEnterpriseTest@60bd273d]" name="clickWeOfferLink" class="testCases.TC_003_ForEnterpriseTest"/>
        <method signature="TC_003_ForEnterpriseTest.setCountryState()[pri:10, instance:testCases.TC_003_ForEnterpriseTest@60bd273d]" name="setCountryState" class="testCases.TC_003_ForEnterpriseTest"/>
        <method signature="TC_003_ForEnterpriseTest.setDepartmentDetails()[pri:9, instance:testCases.TC_003_ForEnterpriseTest@60bd273d]" name="setDepartmentDetails" class="testCases.TC_003_ForEnterpriseTest"/>
        <method signature="TC_003_ForEnterpriseTest.setEmailId()[pri:5, instance:testCases.TC_003_ForEnterpriseTest@60bd273d]" name="setEmailId" class="testCases.TC_003_ForEnterpriseTest"/>
        <method signature="TC_003_ForEnterpriseTest.setFirstLastName()[pri:4, instance:testCases.TC_003_ForEnterpriseTest@60bd273d]" name="setFirstLastName" class="testCases.TC_003_ForEnterpriseTest"/>
        <method signature="TC_003_ForEnterpriseTest.setMobileNo()[pri:6, instance:testCases.TC_003_ForEnterpriseTest@60bd273d]" name="setMobileNo" class="testCases.TC_003_ForEnterpriseTest"/>
        <method signature="TC_003_ForEnterpriseTest.verifyEmailId()[pri:12, instance:testCases.TC_003_ForEnterpriseTest@60bd273d]" name="verifyEmailId" class="testCases.TC_003_ForEnterpriseTest"/>
      </group> <!-- sanity -->
    </groups>
    <test started-at="2024-03-15T16:01:50 IST" name="Test" finished-at="2024-03-15T16:03:39 IST" duration-ms="109248">
      <class name="testCases.TC_002_LanguageLearningTest">
        <test-method signature="enterNewCourse()[pri:0, instance:testCases.TC_002_LanguageLearningTest@4f80542f]" started-at="2024-03-15T16:02:40 IST" name="enterNewCourse" finished-at="2024-03-15T16:02:43 IST" duration-ms="2943" status="PASS">
          <reporter-output>
          </reporter-output>
        </test-method> <!-- enterNewCourse -->
        <test-method signature="clickShowMore()[pri:1, instance:testCases.TC_002_LanguageLearningTest@4f80542f]" started-at="2024-03-15T16:02:44 IST" name="clickShowMore" finished-at="2024-03-15T16:02:44 IST" duration-ms="583" status="PASS">
          <reporter-output>
          </reporter-output>
        </test-method> <!-- clickShowMore -->
        <test-method signature="printTotalLangs()[pri:2, instance:testCases.TC_002_LanguageLearningTest@4f80542f]" started-at="2024-03-15T16:02:45 IST" name="printTotalLangs" finished-at="2024-03-15T16:02:50 IST" duration-ms="5767" status="PASS">
          <reporter-output>
          </reporter-output>
        </test-method> <!-- printTotalLangs -->
        <test-method signature="printTotalLevels()[pri:3, instance:testCases.TC_002_LanguageLearningTest@4f80542f]" started-at="2024-03-15T16:02:51 IST" name="printTotalLevels" finished-at="2024-03-15T16:02:53 IST" duration-ms="1884" status="PASS">
          <reporter-output>
          </reporter-output>
        </test-method> <!-- printTotalLevels -->
      </class> <!-- testCases.TC_002_LanguageLearningTest -->
      <class name="testCases.TC_003_ForEnterpriseTest">
        <test-method signature="clickCourseTitle()[pri:0, instance:testCases.TC_003_ForEnterpriseTest@60bd273d]" started-at="2024-03-15T16:02:53 IST" name="clickCourseTitle" finished-at="2024-03-15T16:03:02 IST" duration-ms="8393" status="PASS">
          <reporter-output>
          </reporter-output>
        </test-method> <!-- clickCourseTitle -->
        <test-method signature="clickEnterpriseLink()[pri:1, instance:testCases.TC_003_ForEnterpriseTest@60bd273d]" started-at="2024-03-15T16:03:02 IST" name="clickEnterpriseLink" finished-at="2024-03-15T16:03:13 IST" duration-ms="10907" status="PASS">
          <reporter-output>
          </reporter-output>
        </test-method> <!-- clickEnterpriseLink -->
        <test-method signature="clickWeOfferLink()[pri:2, instance:testCases.TC_003_ForEnterpriseTest@60bd273d]" started-at="2024-03-15T16:03:14 IST" name="clickWeOfferLink" finished-at="2024-03-15T16:03:20 IST" duration-ms="6394" status="PASS">
          <reporter-output>
          </reporter-output>
        </test-method> <!-- clickWeOfferLink -->
        <test-method signature="clickLearnMoreButton()[pri:3, instance:testCases.TC_003_ForEnterpriseTest@60bd273d]" started-at="2024-03-15T16:03:21 IST" name="clickLearnMoreButton" finished-at="2024-03-15T16:03:26 IST" duration-ms="5756" status="PASS">
          <reporter-output>
          </reporter-output>
        </test-method> <!-- clickLearnMoreButton -->
        <test-method signature="setFirstLastName()[pri:4, instance:testCases.TC_003_ForEnterpriseTest@60bd273d]" started-at="2024-03-15T16:03:27 IST" name="setFirstLastName" finished-at="2024-03-15T16:03:29 IST" duration-ms="1302" status="PASS">
          <reporter-output>
          </reporter-output>
        </test-method> <!-- setFirstLastName -->
        <test-method signature="setEmailId()[pri:5, instance:testCases.TC_003_ForEnterpriseTest@60bd273d]" started-at="2024-03-15T16:03:29 IST" name="setEmailId" finished-at="2024-03-15T16:03:30 IST" duration-ms="605" status="PASS">
          <reporter-output>
          </reporter-output>
        </test-method> <!-- setEmailId -->
        <test-method signature="setMobileNo()[pri:6, instance:testCases.TC_003_ForEnterpriseTest@60bd273d]" started-at="2024-03-15T16:03:30 IST" name="setMobileNo" finished-at="2024-03-15T16:03:30 IST" duration-ms="245" status="PASS">
          <reporter-output>
          </reporter-output>
        </test-method> <!-- setMobileNo -->
        <test-method signature="setInstituteDetails()[pri:7, instance:testCases.TC_003_ForEnterpriseTest@60bd273d]" started-at="2024-03-15T16:03:31 IST" name="setInstituteDetails" finished-at="2024-03-15T16:03:31 IST" duration-ms="577" status="PASS">
          <reporter-output>
          </reporter-output>
        </test-method> <!-- setInstituteDetails -->
        <test-method signature="SetJobRole()[pri:8, instance:testCases.TC_003_ForEnterpriseTest@60bd273d]" started-at="2024-03-15T16:03:31 IST" name="SetJobRole" finished-at="2024-03-15T16:03:32 IST" duration-ms="246" status="PASS">
          <reporter-output>
          </reporter-output>
        </test-method> <!-- SetJobRole -->
        <test-method signature="setDepartmentDetails()[pri:9, instance:testCases.TC_003_ForEnterpriseTest@60bd273d]" started-at="2024-03-15T16:03:32 IST" name="setDepartmentDetails" finished-at="2024-03-15T16:03:33 IST" duration-ms="1106" status="PASS">
          <reporter-output>
          </reporter-output>
        </test-method> <!-- setDepartmentDetails -->
        <test-method signature="setCountryState()[pri:10, instance:testCases.TC_003_ForEnterpriseTest@60bd273d]" started-at="2024-03-15T16:03:33 IST" name="setCountryState" finished-at="2024-03-15T16:03:34 IST" duration-ms="564" status="PASS">
          <reporter-output>
          </reporter-output>
        </test-method> <!-- setCountryState -->
        <test-method signature="clickSubmitButton()[pri:11, instance:testCases.TC_003_ForEnterpriseTest@60bd273d]" started-at="2024-03-15T16:03:34 IST" name="clickSubmitButton" finished-at="2024-03-15T16:03:34 IST" duration-ms="117" status="PASS">
          <reporter-output>
          </reporter-output>
        </test-method> <!-- clickSubmitButton -->
        <test-method signature="verifyEmailId()[pri:12, instance:testCases.TC_003_ForEnterpriseTest@60bd273d]" started-at="2024-03-15T16:03:35 IST" name="verifyEmailId" finished-at="2024-03-15T16:03:37 IST" duration-ms="2510" status="PASS">
          <reporter-output>
          </reporter-output>
        </test-method> <!-- verifyEmailId -->
      </class> <!-- testCases.TC_003_ForEnterpriseTest -->
      <class name="testCases.TC_001_WebDevelopmentTest">
        <test-method is-config="true" signature="setup(java.lang.String,java.lang.String)[pri:0, instance:testCases.TC_001_WebDevelopmentTest@272113c4]" started-at="2024-03-15T16:01:50 IST" name="setup" finished-at="2024-03-15T16:02:07 IST" duration-ms="16792" status="PASS">
          <params>
            <param index="0">
              <value>
                <![CDATA[windows]]>
              </value>
            </param>
            <param index="1">
              <value>
                <![CDATA[chrome]]>
              </value>
            </param>
          </params>
          <reporter-output>
          </reporter-output>
        </test-method> <!-- setup -->
        <test-method signature="enterCourseName()[pri:0, instance:testCases.TC_001_WebDevelopmentTest@272113c4]" started-at="2024-03-15T16:02:07 IST" name="enterCourseName" finished-at="2024-03-15T16:02:16 IST" duration-ms="8534" status="PASS">
          <reporter-output>
          </reporter-output>
        </test-method> <!-- enterCourseName -->
        <test-method signature="clickLanguage()[pri:1, instance:testCases.TC_001_WebDevelopmentTest@272113c4]" started-at="2024-03-15T16:02:16 IST" name="clickLanguage" finished-at="2024-03-15T16:02:18 IST" duration-ms="1608" status="PASS">
          <reporter-output>
          </reporter-output>
        </test-method> <!-- clickLanguage -->
        <test-method signature="clickLevel()[pri:2, instance:testCases.TC_001_WebDevelopmentTest@272113c4]" started-at="2024-03-15T16:02:18 IST" name="clickLevel" finished-at="2024-03-15T16:02:19 IST" duration-ms="722" status="PASS">
          <reporter-output>
          </reporter-output>
        </test-method> <!-- clickLevel -->
        <test-method signature="printCourse1()[pri:3, instance:testCases.TC_001_WebDevelopmentTest@272113c4]" started-at="2024-03-15T16:02:19 IST" name="printCourse1" finished-at="2024-03-15T16:02:21 IST" duration-ms="1834" status="PASS">
          <reporter-output>
          </reporter-output>
        </test-method> <!-- printCourse1 -->
        <test-method signature="printDetails1()[pri:4, instance:testCases.TC_001_WebDevelopmentTest@272113c4]" started-at="2024-03-15T16:02:22 IST" name="printDetails1" finished-at="2024-03-15T16:02:29 IST" duration-ms="7241" status="PASS">
          <reporter-output>
          </reporter-output>
        </test-method> <!-- printDetails1 -->
        <test-method signature="printCourse2()[pri:5, instance:testCases.TC_001_WebDevelopmentTest@272113c4]" started-at="2024-03-15T16:02:30 IST" name="printCourse2" finished-at="2024-03-15T16:02:30 IST" duration-ms="406" status="PASS">
          <reporter-output>
          </reporter-output>
        </test-method> <!-- printCourse2 -->
        <test-method signature="printDetails2()[pri:6, instance:testCases.TC_001_WebDevelopmentTest@272113c4]" started-at="2024-03-15T16:02:31 IST" name="printDetails2" finished-at="2024-03-15T16:02:39 IST" duration-ms="8268" status="PASS">
          <reporter-output>
          </reporter-output>
        </test-method> <!-- printDetails2 -->
        <test-method is-config="true" signature="teardown()[pri:0, instance:testCases.TC_001_WebDevelopmentTest@272113c4]" started-at="2024-03-15T16:03:38 IST" name="teardown" finished-at="2024-03-15T16:03:39 IST" duration-ms="1382" status="PASS">
          <reporter-output>
          </reporter-output>
        </test-method> <!-- teardown -->
      </class> <!-- testCases.TC_001_WebDevelopmentTest -->
    </test> <!-- Test -->
  </suite> <!-- Suite -->
</testng-results>
